-------------------------------------------------------------------------------
Test set: com.cognizant.billpaymentsystem.BillPaymentSystemApplicationTests
-------------------------------------------------------------------------------
Tests run: 3, Failures: 0, Errors: 3, Skipped: 0, Time elapsed: 0.191 s <<< FAILURE! - in com.cognizant.billpaymentsystem.BillPaymentSystemApplicationTests
initializationError(com.cognizant.billpaymentsystem.BillPaymentSystemApplicationTests)  Time elapsed: 0.008 s  <<< ERROR!
java.lang.Exception: The class com.cognizant.billpaymentsystem.BillPaymentSystemApplicationTests is not public.

initializationError(com.cognizant.billpaymentsystem.BillPaymentSystemApplicationTests)  Time elapsed: 0 s  <<< ERROR!
java.lang.Exception: Test class should have exactly one public constructor

initializationError(com.cognizant.billpaymentsystem.BillPaymentSystemApplicationTests)  Time elapsed: 0.001 s  <<< ERROR!
java.lang.Exception: Method contextLoads() should be public

